SF:lib\providers\userlocation_provider.dart
DA:23,0
DA:25,0
DA:26,0
DA:27,0
DA:28,0
DA:29,0
DA:30,0
DA:31,0
DA:34,0
DA:93,2
DA:104,4
DA:115,2
DA:118,2
DA:121,2
DA:124,2
DA:127,2
DA:130,2
DA:133,2
DA:138,1
DA:139,2
DA:142,4
DA:143,2
DA:157,2
DA:158,2
DA:161,4
DA:162,4
DA:165,4
DA:166,6
DA:174,6
DA:175,4
DA:178,6
DA:181,2
DA:184,3
DA:194,1
DA:195,1
DA:196,1
DA:202,1
DA:203,1
DA:204,1
DA:270,2
DA:273,3
DA:277,1
DA:278,2
DA:279,2
DA:283,3
DA:289,1
DA:290,1
DA:294,3
DA:295,1
DA:296,3
DA:300,3
DA:301,1
DA:302,1
DA:308,6
DA:312,1
DA:313,1
DA:315,2
DA:320,0
DA:321,0
DA:327,1
DA:329,1
DA:330,1
DA:331,1
DA:332,3
DA:333,2
DA:334,1
DA:335,1
DA:336,3
DA:337,1
DA:338,1
DA:339,2
DA:340,1
DA:341,1
DA:342,1
DA:343,3
DA:344,1
DA:345,1
DA:346,1
DA:347,2
DA:348,1
DA:349,1
DA:356,1
DA:357,1
DA:359,0
DA:368,2
DA:370,2
DA:371,3
DA:372,2
DA:373,1
DA:374,2
DA:375,1
DA:376,2
DA:377,1
DA:378,2
DA:379,1
DA:380,2
DA:382,0
DA:390,2
DA:391,2
DA:393,2
DA:394,4
DA:395,4
DA:399,4
DA:400,10
DA:403,2
DA:406,2
DA:419,2
DA:421,6
DA:422,4
DA:423,4
DA:424,8
DA:432,2
DA:433,2
DA:435,4
DA:436,2
DA:437,4
DA:438,2
DA:441,2
DA:443,2
DA:449,2
DA:450,6
DA:451,2
DA:452,2
DA:453,2
DA:461,0
DA:466,0
DA:470,1
DA:471,1
DA:472,1
DA:473,1
DA:474,2
DA:475,2
DA:476,1
DA:477,1
DA:478,2
DA:479,2
DA:480,2
DA:481,2
DA:485,1
DA:486,1
DA:487,1
DA:495,2
DA:496,4
DA:500,6
DA:501,1
DA:504,4
DA:506,2
DA:507,2
DA:508,6
LF:149
LH:134
end_of_record
SF:lib\screens\districts_screen.dart
DA:20,19
DA:22,1
DA:24,1
DA:25,2
DA:26,1
DA:27,5
DA:31,3
DA:32,1
DA:33,1
DA:34,3
DA:35,1
DA:36,2
DA:37,1
DA:40,1
DA:41,1
DA:42,2
DA:44,1
DA:46,1
DA:47,1
DA:48,3
DA:55,4
DA:61,1
DA:62,1
DA:63,1
DA:64,1
DA:66,1
DA:70,1
DA:72,1
DA:74,1
DA:77,1
DA:79,3
DA:80,3
DA:81,1
LF:33
LH:33
end_of_record
SF:lib\utils\l10n.dart
DA:30,3
DA:31,1
DA:33,6
DA:34,9
DA:35,9
DA:40,2
DA:41,3
DA:43,1
DA:56,3
DA:58,3
DA:59,3
DA:66,2
DA:67,2
DA:68,0
DA:71,11
DA:73,4
DA:74,2
DA:75,2
DA:76,2
DA:77,2
DA:78,0
DA:79,0
DA:80,0
DA:81,2
DA:82,0
DA:83,2
DA:84,0
DA:85,0
DA:86,0
DA:87,0
DA:88,0
DA:89,0
DA:90,0
DA:91,0
DA:92,0
DA:93,0
DA:94,0
DA:95,0
DA:96,0
DA:97,0
DA:98,0
DA:99,0
DA:100,0
DA:101,0
DA:102,0
DA:103,0
DA:104,0
DA:105,0
DA:106,0
DA:107,0
DA:108,0
DA:109,0
DA:110,0
DA:111,0
DA:112,0
DA:113,0
DA:114,0
DA:115,0
DA:116,0
DA:117,0
DA:118,0
DA:119,2
DA:120,4
DA:121,4
DA:122,2
DA:123,2
DA:124,1
DA:125,1
DA:126,0
DA:127,2
DA:128,0
DA:129,0
DA:130,2
DA:131,2
DA:132,4
DA:133,4
DA:134,4
DA:135,2
DA:136,0
DA:137,0
DA:141,0
DA:142,0
DA:149,0
DA:151,0
DA:153,0
DA:155,0
DA:157,0
DA:158,0
DA:159,0
DA:160,0
DA:161,0
DA:168,0
DA:170,0
DA:171,0
DA:172,0
DA:173,0
DA:175,0
DA:179,0
LF:98
LH:35
end_of_record
SF:lib\models\user_location.dart
DA:8,2
LF:1
LH:1
end_of_record
SF:lib\providers\achievement_provider.dart
DA:8,1
DA:12,1
DA:13,4
DA:24,1
DA:25,1
DA:26,1
DA:54,2
DA:55,2
DA:56,2
DA:58,1
DA:59,2
DA:62,1
DA:63,2
DA:66,3
DA:72,1
DA:73,3
DA:74,5
DA:75,2
DA:76,3
DA:78,1
DA:79,1
DA:80,4
DA:90,1
DA:91,2
DA:92,2
DA:93,1
DA:98,1
DA:99,2
DA:100,2
DA:101,2
DA:103,1
DA:104,1
DA:109,1
DA:111,1
DA:112,3
DA:113,1
DA:114,2
DA:115,2
LF:38
LH:38
end_of_record
SF:lib\providers\medal_provider.dart
DA:22,3
DA:23,3
DA:28,1
DA:29,2
DA:30,5
DA:31,3
DA:34,1
DA:37,1
DA:38,2
DA:43,1
DA:44,2
DA:45,2
DA:46,1
DA:57,1
LF:14
LH:14
end_of_record
SF:lib\utils\district_counts.dart
DA:11,2
DA:12,2
DA:13,2
DA:18,2
DA:19,3
DA:21,2
DA:22,3
DA:23,6
DA:25,1
LF:9
LH:9
end_of_record
SF:lib\utils\double_map.dart
DA:12,2
DA:13,2
DA:14,2
DA:19,2
DA:20,3
DA:22,2
DA:23,3
DA:24,6
DA:26,1
LF:9
LH:9
end_of_record
SF:lib\utils\exploration_days.dart
DA:11,3
DA:12,9
DA:13,9
DA:14,9
DA:15,3
DA:21,1
DA:22,2
DA:24,1
DA:25,2
DA:26,2
DA:27,2
LF:11
LH:11
end_of_record
SF:lib\utils\exploration_suggestion.dart
DA:31,3
DA:56,3
DA:85,9
DA:87,3
DA:88,3
DA:94,6
DA:95,6
DA:96,3
DA:97,3
DA:99,6
DA:101,3
DA:102,12
DA:107,6
DA:117,3
DA:128,6
DA:129,6
DA:131,6
DA:132,6
DA:133,3
DA:135,3
DA:140,9
DA:141,3
DA:142,3
DA:150,3
DA:151,3
DA:153,3
DA:156,3
LF:27
LH:27
end_of_record
SF:lib\utils\geohash.dart
DA:27,4
DA:28,8
DA:29,1
DA:31,20
DA:32,1
DA:34,12
DA:35,1
DA:38,4
DA:39,4
DA:41,4
DA:45,8
DA:46,8
DA:48,8
DA:49,4
DA:50,8
DA:53,4
DA:58,8
DA:59,4
DA:60,8
DA:63,4
DA:67,4
DA:68,4
DA:69,8
DA:75,4
LF:24
LH:24
end_of_record
SF:lib\utils\hk_districts.dart
DA:23,19
DA:31,4
DA:32,12
DA:33,12
DA:34,12
DA:35,12
DA:160,4
DA:161,8
DA:162,4
DA:171,1
DA:172,4
LF:11
LH:11
end_of_record
SF:lib\utils\lat_lng_list.dart
DA:14,2
DA:15,2
DA:16,14
DA:21,2
DA:22,3
DA:24,2
DA:25,3
DA:26,2
DA:27,3
DA:28,3
DA:29,2
DA:30,2
DA:31,2
DA:37,1
LF:14
LH:14
end_of_record
SF:lib\utils\visited_cells_store.dart
DA:12,2
DA:13,2
DA:14,4
DA:20,2
DA:21,2
DA:23,2
DA:24,2
DA:25,4
LF:8
LH:8
end_of_record
SF:lib\screens\achievement_screen.dart
DA:10,18
DA:12,0
DA:14,0
DA:16,0
DA:17,0
DA:18,0
DA:19,0
DA:20,0
DA:24,0
DA:26,0
DA:27,0
DA:29,0
DA:30,0
DA:32,0
DA:34,0
DA:35,0
DA:39,0
DA:40,0
DA:42,0
DA:43,0
DA:48,0
DA:49,0
DA:50,0
DA:51,0
DA:52,0
DA:53,0
DA:60,0
DA:61,0
DA:63,0
DA:64,0
DA:65,0
DA:68,0
DA:69,0
DA:76,0
DA:82,0
DA:83,0
DA:85,0
DA:87,0
DA:89,0
DA:90,0
DA:91,0
DA:93,0
DA:95,0
DA:98,0
DA:100,0
DA:101,0
DA:102,0
DA:104,0
DA:112,0
DA:116,0
DA:118,0
DA:120,0
DA:122,0
DA:127,0
DA:129,0
DA:131,0
DA:133,0
LF:57
LH:1
end_of_record
SF:lib\screens\map_screen.dart
DA:20,18
DA:22,0
DA:23,0
DA:49,0
DA:51,0
DA:52,0
DA:56,0
DA:58,0
DA:59,0
DA:60,0
DA:63,0
DA:69,0
DA:70,0
DA:71,0
DA:73,0
DA:77,0
DA:81,0
DA:82,0
DA:83,0
DA:84,0
DA:88,0
DA:91,0
DA:92,0
DA:94,0
DA:95,0
DA:96,0
DA:97,0
DA:99,0
DA:100,0
DA:106,0
DA:118,0
DA:119,0
DA:120,0
DA:121,0
DA:125,0
DA:126,0
DA:129,0
DA:131,0
DA:133,0
DA:136,0
DA:137,0
DA:143,0
DA:144,0
DA:145,0
DA:146,0
DA:147,0
DA:148,0
DA:149,0
DA:151,0
DA:152,0
DA:153,0
DA:156,0
DA:157,0
DA:158,0
DA:167,0
DA:168,0
DA:170,0
DA:171,0
DA:172,0
DA:185,0
DA:186,0
DA:187,0
DA:188,0
DA:192,0
DA:195,0
DA:198,0
DA:200,0
DA:203,0
DA:204,0
DA:206,0
DA:207,0
DA:211,0
DA:212,0
DA:213,0
DA:219,0
DA:220,0
DA:221,0
DA:235,0
DA:236,0
DA:237,0
DA:238,0
DA:239,0
DA:240,0
DA:241,0
DA:243,0
DA:244,0
DA:248,0
DA:249,0
DA:252,0
DA:253,0
DA:254,0
DA:268,0
DA:269,0
DA:276,0
DA:277,0
DA:279,0
DA:280,0
DA:281,0
DA:282,0
DA:297,0
DA:299,0
DA:301,0
DA:302,0
DA:307,0
DA:308,0
DA:310,0
DA:311,0
DA:317,0
DA:318,0
DA:319,0
DA:321,0
DA:324,0
DA:325,0
DA:335,0
DA:336,0
DA:338,0
DA:339,0
DA:340,0
DA:342,0
DA:343,0
DA:345,0
DA:348,0
DA:352,0
DA:354,0
DA:356,0
DA:357,0
DA:361,0
DA:363,0
DA:364,0
DA:365,0
DA:373,0
DA:374,0
DA:377,0
DA:378,0
DA:388,0
DA:389,0
DA:390,0
DA:391,0
DA:399,0
DA:403,0
DA:409,0
DA:411,0
DA:412,0
DA:413,0
DA:417,0
DA:418,0
DA:432,0
DA:435,0
DA:438,0
DA:439,0
DA:440,0
DA:442,0
DA:445,0
DA:446,0
DA:449,0
DA:450,0
DA:451,0
DA:460,0
DA:461,0
DA:462,0
DA:463,0
DA:470,0
DA:472,0
DA:473,0
DA:475,0
DA:476,0
DA:479,0
DA:481,0
DA:484,0
DA:487,0
DA:491,0
DA:492,0
DA:494,0
DA:496,0
DA:500,0
DA:501,0
DA:502,0
DA:510,0
DA:511,0
DA:513,0
DA:514,0
DA:516,0
DA:517,0
DA:518,0
DA:519,0
DA:520,0
DA:534,0
DA:535,0
DA:537,0
DA:538,0
DA:544,0
DA:545,0
DA:547,0
DA:548,0
DA:550,0
DA:551,0
DA:553,0
DA:554,0
DA:555,0
DA:556,0
DA:557,0
DA:559,0
DA:561,0
DA:562,0
DA:563,0
DA:564,0
DA:565,0
DA:570,0
DA:571,0
DA:572,0
DA:576,0
DA:588,0
DA:589,0
DA:590,0
DA:591,0
DA:593,0
DA:594,0
DA:595,0
DA:596,0
DA:609,0
DA:610,0
DA:611,0
DA:612,0
DA:613,0
DA:615,0
DA:617,0
DA:621,0
DA:622,0
DA:623,0
DA:624,0
DA:640,0
DA:642,0
DA:643,0
DA:644,0
DA:646,0
DA:668,0
DA:669,0
DA:670,0
DA:671,0
DA:672,0
DA:674,0
DA:675,0
DA:676,0
DA:677,0
DA:679,0
DA:683,0
DA:684,0
DA:685,0
DA:686,0
DA:687,0
DA:688,0
DA:707,0
DA:708,0
DA:712,0
DA:713,0
DA:717,0
DA:719,0
DA:720,0
DA:721,0
DA:722,0
DA:728,0
DA:730,0
DA:734,0
DA:735,0
DA:736,0
DA:751,0
DA:754,0
DA:755,0
DA:756,0
DA:767,1
DA:768,3
DA:769,1
DA:770,2
DA:774,0
DA:775,0
DA:777,0
DA:778,0
DA:780,0
DA:796,0
DA:799,0
DA:800,0
DA:801,0
DA:810,0
DA:812,0
DA:814,0
DA:816,0
LF:286
LH:5
end_of_record
SF:lib\widgets\recenter_button.dart
DA:12,0
DA:16,0
DA:19,0
DA:20,0
DA:21,0
DA:22,0
DA:23,0
DA:28,0
DA:30,0
DA:31,0
LF:10
LH:0
end_of_record
SF:lib\widgets\hamburger_menu.dart
DA:19,18
DA:21,0
DA:23,0
DA:24,0
DA:25,0
DA:27,0
DA:28,0
DA:32,0
DA:33,0
DA:41,0
DA:43,0
DA:44,0
DA:45,0
DA:47,0
DA:48,0
DA:52,0
DA:54,0
DA:55,0
DA:56,0
DA:58,0
DA:62,0
DA:64,0
DA:65,0
DA:66,0
DA:68,0
DA:69,0
DA:74,0
DA:76,0
DA:77,0
DA:79,0
DA:81,0
DA:82,0
DA:84,0
DA:86,0
DA:87,0
DA:90,0
DA:107,0
DA:108,0
DA:109,0
DA:110,0
DA:111,0
DA:113,0
DA:114,0
DA:115,0
DA:116,0
DA:117,0
DA:118,0
DA:119,0
DA:121,0
DA:122,0
DA:123,0
DA:124,0
DA:125,0
DA:126,0
DA:132,0
DA:133,0
DA:134,0
DA:135,0
DA:140,0
DA:142,0
DA:143,0
DA:144,0
DA:147,0
DA:148,0
DA:153,0
DA:163,0
DA:164,0
DA:165,0
DA:166,0
DA:168,0
DA:169,0
DA:172,0
DA:173,0
DA:174,0
DA:177,0
DA:179,0
DA:181,0
DA:182,0
DA:186,0
DA:193,0
DA:195,0
DA:198,0
DA:199,0
DA:200,0
DA:215,0
DA:216,0
DA:217,0
DA:222,0
DA:224,0
DA:225,0
DA:226,0
DA:231,0
DA:232,0
DA:237,0
DA:238,0
DA:239,0
DA:240,0
DA:242,0
DA:243,0
DA:244,0
DA:245,0
DA:254,0
DA:255,0
DA:256,0
DA:257,0
DA:258,0
DA:259,0
DA:260,0
DA:261,0
DA:262,0
DA:263,0
DA:266,0
DA:268,0
DA:269,0
DA:270,0
DA:276,0
DA:277,0
DA:283,0
DA:288,0
DA:289,0
DA:302,0
DA:303,0
DA:305,0
DA:307,0
DA:308,0
DA:309,0
DA:311,0
DA:314,0
DA:315,0
DA:317,0
DA:318,0
DA:319,0
DA:322,0
DA:323,0
DA:329,0
DA:330,0
DA:332,0
DA:333,0
DA:338,0
DA:340,0
DA:345,0
DA:346,0
DA:347,0
DA:348,0
DA:358,0
DA:359,0
DA:360,0
DA:361,0
DA:362,0
DA:364,0
DA:365,0
DA:366,0
DA:367,0
DA:368,0
DA:371,0
DA:373,0
DA:374,0
DA:375,0
DA:376,0
DA:378,0
DA:379,0
DA:380,0
DA:381,0
DA:383,0
DA:384,0
DA:385,0
DA:386,0
DA:387,0
DA:390,0
DA:392,0
DA:393,0
DA:394,0
DA:395,0
DA:401,0
DA:402,0
DA:404,0
DA:405,0
DA:406,0
DA:408,0
DA:409,0
LF:180
LH:1
end_of_record
SF:lib\widgets\text.dart
DA:11,0
DA:18,0
DA:20,0
DA:22,0
DA:23,0
DA:24,0
DA:25,0
DA:26,0
DA:27,0
LF:9
LH:0
end_of_record
SF:lib\utils\streak_milestones.dart
DA:26,1
DA:31,2
DA:32,2
LF:3
LH:3
end_of_record
SF:lib\screens\medal_screen.dart
DA:11,18
DA:13,0
DA:15,0
DA:16,0
DA:17,0
DA:18,0
DA:20,0
DA:21,0
DA:22,0
DA:24,0
DA:26,0
DA:27,0
DA:29,0
DA:30,0
DA:37,0
DA:38,0
DA:39,0
DA:40,0
DA:42,0
DA:44,0
DA:46,0
DA:47,0
DA:48,0
DA:49,0
DA:50,0
DA:51,0
DA:54,0
DA:58,0
DA:60,0
DA:61,0
DA:62,0
DA:64,0
DA:72,0
DA:73,0
DA:82,0
DA:84,0
DA:86,0
DA:88,0
DA:93,0
DA:95,0
DA:97,0
DA:99,0
LF:42
LH:1
end_of_record
SF:lib\screens\onboarding_screen.dart
DA:18,1
DA:23,1
DA:24,1
DA:31,1
DA:33,1
DA:36,1
DA:39,1
DA:40,1
DA:41,1
DA:42,2
DA:43,0
DA:47,0
DA:48,0
DA:49,0
DA:50,0
DA:51,0
DA:54,0
DA:57,0
DA:59,0
DA:60,0
DA:61,0
DA:69,0
DA:70,0
DA:71,0
DA:73,0
DA:74,0
DA:75,0
DA:76,0
DA:80,0
DA:81,0
DA:82,0
DA:83,0
DA:89,0
DA:90,0
DA:91,0
DA:92,0
DA:94,0
DA:95,0
DA:96,0
DA:101,0
DA:102,0
DA:103,0
DA:107,1
DA:109,1
DA:110,1
DA:111,1
DA:112,1
DA:114,1
DA:117,1
DA:124,1
DA:125,2
DA:134,1
DA:135,2
DA:143,1
DA:144,0
DA:146,0
DA:147,0
DA:152,1
DA:153,1
DA:157,2
DA:158,1
DA:167,1
DA:168,2
LF:63
LH:28
end_of_record
SF:lib\utils\progress_summary.dart
DA:12,1
DA:18,2
DA:19,1
DA:44,3
DA:55,0
DA:63,0
DA:75,1
DA:76,1
DA:77,2
DA:78,2
DA:79,2
DA:80,2
DA:81,2
DA:82,2
DA:86,2
DA:87,1
DA:88,1
DA:89,1
DA:90,1
DA:91,1
DA:92,1
DA:104,1
DA:116,1
DA:118,3
DA:119,3
DA:120,2
DA:123,1
DA:124,3
DA:125,3
DA:126,3
DA:127,2
DA:129,3
DA:131,3
DA:132,3
DA:133,3
DA:134,1
DA:135,3
DA:136,3
DA:137,3
DA:138,3
DA:152,2
DA:153,2
DA:154,4
DA:155,4
DA:156,4
DA:157,6
DA:158,4
DA:159,4
DA:160,2
DA:161,2
DA:168,1
DA:169,1
DA:170,2
DA:171,1
DA:172,2
DA:173,1
DA:174,1
DA:175,4
DA:177,3
DA:178,2
DA:179,2
DA:180,2
DA:181,2
DA:182,2
DA:183,2
DA:192,1
LF:66
LH:64
end_of_record
SF:lib\utils\share_text.dart
DA:25,1
DA:29,3
DA:30,1
DA:31,1
DA:37,1
DA:38,1
DA:39,1
DA:40,2
DA:41,1
DA:42,2
DA:43,1
LF:11
LH:11
end_of_record
